This file contains any messages produced by compilers while
running configure, to aid debugging if configure makes a mistake.

It was created by nauty configure 2.8.9, which was
generated by GNU Autoconf 2.72.  Invocation command line was

  $ ./configure

## --------- ##
## Platform. ##
## --------- ##

hostname = MacBook-Pro-Ales.local
uname -m = arm64
uname -r = 24.0.0
uname -s = Darwin
uname -v = Darwin Kernel Version 24.0.0: Tue Sep 24 23:37:25 PDT 2024; root:xnu-11215.1.12~1/RELEASE_ARM64_T6030

/usr/bin/uname -p = arm
/bin/uname -X     = unknown

/bin/arch              = unknown
/usr/bin/arch -k       = unknown
/usr/convex/getsysinfo = unknown
/usr/bin/hostinfo      = Mach kernel version:
	 Darwin Kernel Version 24.0.0: Tue Sep 24 23:37:25 PDT 2024; root:xnu-11215.1.12~1/RELEASE_ARM64_T6030
Kernel configured for up to 12 processors.
12 processors are physically available.
12 processors are logically available.
Processor type: arm64e (ARM64E)
Processors active: 0 1 2 3 4 5 6 7 8 9 10 11
Primary memory available: 18.00 gigabytes
Default processor set: 506 tasks, 2912 threads, 12 processors
Load average: 1.57, Mach factor: 10.41
/bin/machine           = unknown
/usr/bin/oslevel       = unknown
/bin/universe          = unknown

PATH: /opt/anaconda3/bin/
PATH: /opt/anaconda3/condabin/
PATH: /Users/alesshvaibovich/Library/Java/JavaVirtualMachines/openjdk-23/Contents/Home/bin/
PATH: /Library/Frameworks/Python.framework/Versions/3.12/bin/
PATH: /opt/homebrew/bin/
PATH: /opt/homebrew/sbin/
PATH: /usr/local/bin/
PATH: /System/Cryptexes/App/usr/bin/
PATH: /usr/bin/
PATH: /bin/
PATH: /usr/sbin/
PATH: /sbin/
PATH: /Users/alesshvaibovich/java/apache-maven-3.9.9/bin/
PATH: /var/run/com.apple.security.cryptexd/codex.system/bootstrap/usr/local/bin/
PATH: /var/run/com.apple.security.cryptexd/codex.system/bootstrap/usr/bin/
PATH: /var/run/com.apple.security.cryptexd/codex.system/bootstrap/usr/appleinternal/bin/


## ----------- ##
## Core tests. ##
## ----------- ##

configure:2820: looking for aux files: ltmain.sh install-sh config.guess config.sub
configure:2833:  trying ./
configure:2862:   ./ltmain.sh found
configure:2844:   ./install-sh found
configure:2862:   ./config.guess found
configure:2862:   ./config.sub found
configure:3138: checking build system type
configure:3154: result: aarch64-apple-darwin24.0.0
configure:3174: checking host system type
configure:3189: result: aarch64-apple-darwin24.0.0
configure:3303: checking for gcc
configure:3324: found /usr/bin/gcc
configure:3336: result: gcc
configure:3695: checking for C compiler version
configure:3704: gcc --version >&5
Apple clang version 16.0.0 (clang-1600.0.26.3)
Target: arm64-apple-darwin24.0.0
Thread model: posix
InstalledDir: /Library/Developer/CommandLineTools/usr/bin
configure:3715: $? = 0
configure:3704: gcc -v >&5
Apple clang version 16.0.0 (clang-1600.0.26.3)
Target: arm64-apple-darwin24.0.0
Thread model: posix
InstalledDir: /Library/Developer/CommandLineTools/usr/bin
configure:3715: $? = 0
configure:3704: gcc -V >&5
clang: error: argument to '-V' is missing (expected 1 value)
clang: error: no input files
configure:3715: $? = 1
configure:3704: gcc -qversion >&5
clang: error: unknown argument '-qversion'; did you mean '--version'?
clang: error: no input files
configure:3715: $? = 1
configure:3704: gcc -version >&5
clang: error: unknown argument '-version'; did you mean '--version'?
clang: error: no input files
configure:3715: $? = 1
configure:3735: checking whether the C compiler works
configure:3757: gcc    conftest.c  >&5
configure:3761: $? = 0
configure:3812: result: yes
configure:3816: checking for C compiler default output file name
configure:3818: result: a.out
configure:3824: checking for suffix of executables
configure:3831: gcc -o conftest    conftest.c  >&5
configure:3835: $? = 0
configure:3859: result: 
configure:3883: checking whether we are cross compiling
configure:3891: gcc -o conftest    conftest.c  >&5
configure:3895: $? = 0
configure:3902: ./conftest
configure:3906: $? = 0
configure:3921: result: no
configure:3927: checking for suffix of object files
configure:3950: gcc -c   conftest.c >&5
configure:3954: $? = 0
configure:3978: result: o
configure:3982: checking whether the compiler supports GNU C
configure:4002: gcc -c   conftest.c >&5
configure:4002: $? = 0
configure:4014: result: yes
configure:4025: checking whether gcc accepts -g
configure:4046: gcc -c -g  conftest.c >&5
configure:4046: $? = 0
configure:4093: result: yes
configure:4113: checking for gcc option to enable C11 features
configure:4128: gcc  -c -g -O2  conftest.c >&5
configure:4128: $? = 0
configure:4147: result: none needed
configure:4275: checking for gcc option to enable large file support
configure:4310: gcc -c   conftest.c >&5
configure:4310: $? = 0
configure:4316: gcc -DFTYPE=ino_t -c   conftest.c >&5
configure:4316: $? = 0
configure:4341: result: none needed
configure:4526: checking if gcc supports -O4 -Werror flags
configure:4542: gcc -c -O4 -Werror  conftest.c >&5
clang: error: -O4 is equivalent to -O3 [-Werror,-Wdeprecated]
configure:4542: $? = 1
configure: failed program was:
| /* confdefs.h */
| #define PACKAGE_NAME "nauty"
| #define PACKAGE_TARNAME "nauty"
| #define PACKAGE_VERSION "2.8.9"
| #define PACKAGE_STRING "nauty 2.8.9"
| #define PACKAGE_BUGREPORT "brendan.mckay@anu.edu.au"
| #define PACKAGE_URL ""
| /* end confdefs.h.  */
| 
| int
| main (void)
| {
| 
|   ;
|   return 0;
| }
configure:4551: result: no
configure:4560: checking if gcc supports -O3 flags
configure:4576: gcc -c -O3  conftest.c >&5
configure:4576: $? = 0
configure:4585: result: yes
configure:4645: checking for sys/wait.h that is POSIX.1 compatible
configure:4672: gcc -c  -O3  conftest.c >&5
configure:4672: $? = 0
configure:4682: result: yes
configure:4694: checking for stdio.h
configure:4694: gcc -c  -O3  conftest.c >&5
configure:4694: $? = 0
configure:4694: result: yes
configure:4694: checking for stdlib.h
configure:4694: gcc -c  -O3  conftest.c >&5
configure:4694: $? = 0
configure:4694: result: yes
configure:4694: checking for string.h
configure:4694: gcc -c  -O3  conftest.c >&5
configure:4694: $? = 0
configure:4694: result: yes
configure:4694: checking for inttypes.h
configure:4694: gcc -c  -O3  conftest.c >&5
configure:4694: $? = 0
configure:4694: result: yes
configure:4694: checking for stdint.h
configure:4694: gcc -c  -O3  conftest.c >&5
configure:4694: $? = 0
configure:4694: result: yes
configure:4694: checking for strings.h
configure:4694: gcc -c  -O3  conftest.c >&5
configure:4694: $? = 0
configure:4694: result: yes
configure:4694: checking for sys/stat.h
configure:4694: gcc -c  -O3  conftest.c >&5
configure:4694: $? = 0
configure:4694: result: yes
configure:4694: checking for sys/types.h
configure:4694: gcc -c  -O3  conftest.c >&5
configure:4694: $? = 0
configure:4694: result: yes
configure:4694: checking for unistd.h
configure:4694: gcc -c  -O3  conftest.c >&5
configure:4694: $? = 0
configure:4694: result: yes
configure:4694: checking for vfork.h
configure:4694: gcc -c  -O3  conftest.c >&5
conftest.c:47:10: fatal error: 'vfork.h' file not found
   47 | #include <vfork.h>
      |          ^~~~~~~~~
1 error generated.
configure:4694: $? = 1
configure: failed program was:
| /* confdefs.h */
| #define PACKAGE_NAME "nauty"
| #define PACKAGE_TARNAME "nauty"
| #define PACKAGE_VERSION "2.8.9"
| #define PACKAGE_STRING "nauty 2.8.9"
| #define PACKAGE_BUGREPORT "brendan.mckay@anu.edu.au"
| #define PACKAGE_URL ""
| #define HAVE_SYS_WAIT_H 1
| #define HAVE_STDIO_H 1
| #define HAVE_STDLIB_H 1
| #define HAVE_STRING_H 1
| #define HAVE_INTTYPES_H 1
| #define HAVE_STDINT_H 1
| #define HAVE_STRINGS_H 1
| #define HAVE_SYS_STAT_H 1
| #define HAVE_SYS_TYPES_H 1
| #define HAVE_UNISTD_H 1
| /* end confdefs.h.  */
| #include <stddef.h>
| #ifdef HAVE_STDIO_H
| # include <stdio.h>
| #endif
| #ifdef HAVE_STDLIB_H
| # include <stdlib.h>
| #endif
| #ifdef HAVE_STRING_H
| # include <string.h>
| #endif
| #ifdef HAVE_INTTYPES_H
| # include <inttypes.h>
| #endif
| #ifdef HAVE_STDINT_H
| # include <stdint.h>
| #endif
| #ifdef HAVE_STRINGS_H
| # include <strings.h>
| #endif
| #ifdef HAVE_SYS_TYPES_H
| # include <sys/types.h>
| #endif
| #ifdef HAVE_SYS_STAT_H
| # include <sys/stat.h>
| #endif
| #ifdef HAVE_UNISTD_H
| # include <unistd.h>
| #endif
| #include <vfork.h>
configure:4694: result: no
configure:4719: checking for signal.h
configure:4719: gcc -c  -O3  conftest.c >&5
configure:4719: $? = 0
configure:4719: result: yes
configure:4725: checking for stddef.h
configure:4725: gcc -c  -O3  conftest.c >&5
configure:4725: $? = 0
configure:4725: result: yes
configure:4731: checking for unistd.h
configure:4731: result: yes
configure:4737: checking for sys/types.h
configure:4737: result: yes
configure:4743: checking for sys/wait.h
configure:4743: result: yes
configure:4749: checking for stdlib.h
configure:4749: result: yes
configure:4755: checking for string.h
configure:4755: result: yes
configure:4761: checking for errno.h
configure:4761: gcc -c  -O3  conftest.c >&5
configure:4761: $? = 0
configure:4761: result: yes
configure:4767: checking for limits.h
configure:4767: gcc -c  -O3  conftest.c >&5
configure:4767: $? = 0
configure:4767: result: yes
configure:4773: checking for stdint.h
configure:4773: result: yes
configure:4867: checking for pid_t
configure:4867: gcc -c  -O3  conftest.c >&5
configure:4867: $? = 0
configure:4867: gcc -c  -O3  conftest.c >&5
conftest.c:62:20: error: expected expression
   62 | if (sizeof ((pid_t)))
      |                    ^
1 error generated.
configure:4867: $? = 1
configure: failed program was:
| /* confdefs.h */
| #define PACKAGE_NAME "nauty"
| #define PACKAGE_TARNAME "nauty"
| #define PACKAGE_VERSION "2.8.9"
| #define PACKAGE_STRING "nauty 2.8.9"
| #define PACKAGE_BUGREPORT "brendan.mckay@anu.edu.au"
| #define PACKAGE_URL ""
| #define HAVE_SYS_WAIT_H 1
| #define HAVE_STDIO_H 1
| #define HAVE_STDLIB_H 1
| #define HAVE_STRING_H 1
| #define HAVE_INTTYPES_H 1
| #define HAVE_STDINT_H 1
| #define HAVE_STRINGS_H 1
| #define HAVE_SYS_STAT_H 1
| #define HAVE_SYS_TYPES_H 1
| #define HAVE_UNISTD_H 1
| #define STDC_HEADERS 1
| #define HAVE_SIGNAL_H 1
| #define HAVE_STDDEF_H 1
| #define HAVE_UNISTD_H 1
| #define HAVE_SYS_TYPES_H 1
| #define HAVE_SYS_WAIT_H 1
| #define HAVE_STDLIB_H 1
| #define HAVE_STRING_H 1
| #define HAVE_ERRNO_H 1
| #define HAVE_LIMITS_H 1
| #define HAVE_STDINT_H 1
| /* end confdefs.h.  */
| #include <stddef.h>
| #ifdef HAVE_STDIO_H
| # include <stdio.h>
| #endif
| #ifdef HAVE_STDLIB_H
| # include <stdlib.h>
| #endif
| #ifdef HAVE_STRING_H
| # include <string.h>
| #endif
| #ifdef HAVE_INTTYPES_H
| # include <inttypes.h>
| #endif
| #ifdef HAVE_STDINT_H
| # include <stdint.h>
| #endif
| #ifdef HAVE_STRINGS_H
| # include <strings.h>
| #endif
| #ifdef HAVE_SYS_TYPES_H
| # include <sys/types.h>
| #endif
| #ifdef HAVE_SYS_STAT_H
| # include <sys/stat.h>
| #endif
| #ifdef HAVE_UNISTD_H
| # include <unistd.h>
| #endif
| 
| int
| main (void)
| {
| if (sizeof ((pid_t)))
| 	    return 0;
|   ;
|   return 0;
| }
configure:4867: result: yes
configure:4912: checking for gcc options needed to detect all undeclared functions
configure:4934: gcc -c  -O3   conftest.c >&5
conftest.c:34:8: error: call to undeclared library function 'strchr' with type 'char *(const char *, int)'; ISO C99 and later do not support implicit function declarations [-Wimplicit-function-declaration]
   34 | (void) strchr;
      |        ^
conftest.c:34:8: note: include the header <string.h> or explicitly provide a declaration for 'strchr'
1 error generated.
configure:4934: $? = 1
configure: failed program was:
| /* confdefs.h */
| #define PACKAGE_NAME "nauty"
| #define PACKAGE_TARNAME "nauty"
| #define PACKAGE_VERSION "2.8.9"
| #define PACKAGE_STRING "nauty 2.8.9"
| #define PACKAGE_BUGREPORT "brendan.mckay@anu.edu.au"
| #define PACKAGE_URL ""
| #define HAVE_SYS_WAIT_H 1
| #define HAVE_STDIO_H 1
| #define HAVE_STDLIB_H 1
| #define HAVE_STRING_H 1
| #define HAVE_INTTYPES_H 1
| #define HAVE_STDINT_H 1
| #define HAVE_STRINGS_H 1
| #define HAVE_SYS_STAT_H 1
| #define HAVE_SYS_TYPES_H 1
| #define HAVE_UNISTD_H 1
| #define STDC_HEADERS 1
| #define HAVE_SIGNAL_H 1
| #define HAVE_STDDEF_H 1
| #define HAVE_UNISTD_H 1
| #define HAVE_SYS_TYPES_H 1
| #define HAVE_SYS_WAIT_H 1
| #define HAVE_STDLIB_H 1
| #define HAVE_STRING_H 1
| #define HAVE_ERRNO_H 1
| #define HAVE_LIMITS_H 1
| #define HAVE_STDINT_H 1
| /* end confdefs.h.  */
| 
| int
| main (void)
| {
| (void) strchr;
|   ;
|   return 0;
| }
configure:4961: gcc -c  -O3   conftest.c >&5
configure:4961: $? = 0
configure:4981: result: none needed
configure:4995: checking whether ftell is declared
configure:4995: gcc -c  -O3   conftest.c >&5
configure:4995: $? = 0
configure:4995: result: yes
configure:5004: checking whether popen is declared
configure:5004: gcc -c  -O3   conftest.c >&5
configure:5004: $? = 0
configure:5004: result: yes
configure:5013: checking whether fdopen is declared
configure:5013: gcc -c  -O3   conftest.c >&5
configure:5013: $? = 0
configure:5013: result: yes
configure:5022: checking whether putenv is declared
configure:5022: gcc -c  -O3   conftest.c >&5
configure:5022: $? = 0
configure:5022: result: yes
configure:5031: checking whether setenv is declared
configure:5031: gcc -c  -O3   conftest.c >&5
configure:5031: $? = 0
configure:5031: result: yes
configure:5041: checking whether malloc is declared
configure:5041: gcc -c  -O3   conftest.c >&5
configure:5041: $? = 0
configure:5041: result: yes
configure:5054: checking how to run the C preprocessor
configure:5080: gcc -E  conftest.c
configure:5080: $? = 0
configure:5096: gcc -E  conftest.c
conftest.c:30:10: fatal error: 'ac_nonexistent.h' file not found
   30 | #include <ac_nonexistent.h>
      |          ^~~~~~~~~~~~~~~~~~
1 error generated.
configure:5096: $? = 1
configure: failed program was:
| /* confdefs.h */
| #define PACKAGE_NAME "nauty"
| #define PACKAGE_TARNAME "nauty"
| #define PACKAGE_VERSION "2.8.9"
| #define PACKAGE_STRING "nauty 2.8.9"
| #define PACKAGE_BUGREPORT "brendan.mckay@anu.edu.au"
| #define PACKAGE_URL ""
| #define HAVE_SYS_WAIT_H 1
| #define HAVE_STDIO_H 1
| #define HAVE_STDLIB_H 1
| #define HAVE_STRING_H 1
| #define HAVE_INTTYPES_H 1
| #define HAVE_STDINT_H 1
| #define HAVE_STRINGS_H 1
| #define HAVE_SYS_STAT_H 1
| #define HAVE_SYS_TYPES_H 1
| #define HAVE_UNISTD_H 1
| #define STDC_HEADERS 1
| #define HAVE_SIGNAL_H 1
| #define HAVE_STDDEF_H 1
| #define HAVE_UNISTD_H 1
| #define HAVE_SYS_TYPES_H 1
| #define HAVE_SYS_WAIT_H 1
| #define HAVE_STDLIB_H 1
| #define HAVE_STRING_H 1
| #define HAVE_ERRNO_H 1
| #define HAVE_LIMITS_H 1
| #define HAVE_STDINT_H 1
| /* end confdefs.h.  */
| #include <ac_nonexistent.h>
configure:5125: result: gcc -E
configure:5139: gcc -E  conftest.c
configure:5139: $? = 0
configure:5155: gcc -E  conftest.c
conftest.c:30:10: fatal error: 'ac_nonexistent.h' file not found
   30 | #include <ac_nonexistent.h>
      |          ^~~~~~~~~~~~~~~~~~
1 error generated.
configure:5155: $? = 1
configure: failed program was:
| /* confdefs.h */
| #define PACKAGE_NAME "nauty"
| #define PACKAGE_TARNAME "nauty"
| #define PACKAGE_VERSION "2.8.9"
| #define PACKAGE_STRING "nauty 2.8.9"
| #define PACKAGE_BUGREPORT "brendan.mckay@anu.edu.au"
| #define PACKAGE_URL ""
| #define HAVE_SYS_WAIT_H 1
| #define HAVE_STDIO_H 1
| #define HAVE_STDLIB_H 1
| #define HAVE_STRING_H 1
| #define HAVE_INTTYPES_H 1
| #define HAVE_STDINT_H 1
| #define HAVE_STRINGS_H 1
| #define HAVE_SYS_STAT_H 1
| #define HAVE_SYS_TYPES_H 1
| #define HAVE_UNISTD_H 1
| #define STDC_HEADERS 1
| #define HAVE_SIGNAL_H 1
| #define HAVE_STDDEF_H 1
| #define HAVE_UNISTD_H 1
| #define HAVE_SYS_TYPES_H 1
| #define HAVE_SYS_WAIT_H 1
| #define HAVE_STDLIB_H 1
| #define HAVE_STRING_H 1
| #define HAVE_ERRNO_H 1
| #define HAVE_LIMITS_H 1
| #define HAVE_STDINT_H 1
| /* end confdefs.h.  */
| #include <ac_nonexistent.h>
configure:5188: checking for egrep -e
configure:5318: result: /usr/bin/grep -E
configure:5342: checking if compiler accepts flexible array members
configure:5356: gcc -c  -O3  conftest.c >&5
configure:5356: $? = 0
configure:5365: result: 1
configure:5368: checking if INFINITY is declared in math.h
configure:5390: result: 1
configure:5400: checking size of int
configure:5406: gcc -o conftest  -O3   conftest.c  >&5
configure:5406: $? = 0
configure:5406: ./conftest
configure:5406: $? = 0
configure:5423: result: 4
configure:5436: checking size of long
configure:5442: gcc -o conftest  -O3   conftest.c  >&5
configure:5442: $? = 0
configure:5442: ./conftest
configure:5442: $? = 0
configure:5459: result: 8
configure:5472: checking size of long long
configure:5478: gcc -o conftest  -O3   conftest.c  >&5
configure:5478: $? = 0
configure:5478: ./conftest
configure:5478: $? = 0
configure:5495: result: 8
configure:5508: checking size of void*
configure:5514: gcc -o conftest  -O3   conftest.c  >&5
configure:5514: $? = 0
configure:5514: ./conftest
configure:5514: $? = 0
configure:5531: result: 8
configure:5546: checking size of __uint128_t
configure:5552: gcc -o conftest  -O3   conftest.c  >&5
configure:5552: $? = 0
configure:5552: ./conftest
configure:5552: $? = 0
configure:5569: result: 16
configure:5581: checking size of unsigned __int128
configure:5587: gcc -o conftest  -O3   conftest.c  >&5
configure:5587: $? = 0
configure:5587: ./conftest
configure:5587: $? = 0
configure:5604: result: 16
configure:5639: checking for isatty
configure:5639: gcc -o conftest  -O3   conftest.c  >&5
configure:5639: $? = 0
configure:5639: result: yes
configure:5649: checking for time
configure:5649: gcc -o conftest  -O3   conftest.c  >&5
configure:5649: $? = 0
configure:5649: result: yes
configure:5659: checking for gettimeofday
configure:5659: gcc -o conftest  -O3   conftest.c  >&5
configure:5659: $? = 0
configure:5659: result: yes
configure:5669: checking for clock_gettime
configure:5669: gcc -o conftest  -O3   conftest.c  >&5
configure:5669: $? = 0
configure:5669: result: yes
configure:5679: checking for clock
configure:5679: gcc -o conftest  -O3   conftest.c  >&5
configure:5679: $? = 0
configure:5679: result: yes
configure:5689: checking for times
configure:5689: gcc -o conftest  -O3   conftest.c  >&5
configure:5689: $? = 0
configure:5689: result: yes
configure:5699: checking for getrusage
configure:5699: gcc -o conftest  -O3   conftest.c  >&5
configure:5699: $? = 0
configure:5699: result: yes
configure:5709: checking for perror
configure:5709: gcc -o conftest  -O3   conftest.c  >&5
configure:5709: $? = 0
configure:5709: result: yes
configure:5719: checking for pipe
configure:5719: gcc -o conftest  -O3   conftest.c  >&5
configure:5719: $? = 0
configure:5719: result: yes
configure:5729: checking for wait
configure:5729: gcc -o conftest  -O3   conftest.c  >&5
configure:5729: $? = 0
configure:5729: result: yes
configure:5739: checking for popen
configure:5739: gcc -o conftest  -O3   conftest.c  >&5
configure:5739: $? = 0
configure:5739: result: yes
configure:5749: checking for putenv
configure:5749: gcc -o conftest  -O3   conftest.c  >&5
configure:5749: $? = 0
configure:5749: result: yes
configure:5759: checking for setenv
configure:5759: gcc -o conftest  -O3   conftest.c  >&5
configure:5759: $? = 0
configure:5759: result: yes
configure:5774: checking for fork
configure:5774: gcc -o conftest  -O3   conftest.c  >&5
configure:5774: $? = 0
configure:5774: result: yes
configure:5774: checking for vfork
configure:5774: gcc -o conftest  -O3   conftest.c  >&5
conftest.c:53:6: warning: incompatible redeclaration of library function 'vfork' [-Wincompatible-library-redeclaration]
   53 | char vfork (void);
      |      ^
conftest.c:53:6: note: 'vfork' is a builtin with type 'int (void)'
1 warning generated.
configure:5774: $? = 0
configure:5774: result: yes
configure:5787: checking for working fork
configure:5811: gcc -o conftest  -O3   conftest.c  >&5
configure:5811: $? = 0
configure:5811: ./conftest
configure:5811: $? = 0
configure:5825: result: yes
configure:5846: checking for working vfork
configure:5978: result: yes
configure:6010: checking for fseeko
configure:6010: gcc -o conftest  -O3   conftest.c  >&5
configure:6010: $? = 0
configure:6010: result: yes
configure:6020: checking for sigaction
configure:6020: gcc -o conftest  -O3   conftest.c  >&5
configure:6020: $? = 0
configure:6020: result: yes
configure:6030: checking for sigprocmask
configure:6030: gcc -o conftest  -O3   conftest.c  >&5
configure:6030: $? = 0
configure:6030: result: yes
configure:6041: checking if popcnt instruction is available and requested
configure:6061: gcc -o conftest  -O3   conftest.c  >&5
conftest.c:44:5: error: use of unknown builtin '__builtin_cpu_supports' [-Wimplicit-function-declaration]
   44 | if (__builtin_cpu_supports("popcnt")) return 0; else return 1;
      |     ^
1 error generated.
configure:6061: $? = 1
configure: program exited with status 1
configure: failed program was:
| /* confdefs.h */
| #define PACKAGE_NAME "nauty"
| #define PACKAGE_TARNAME "nauty"
| #define PACKAGE_VERSION "2.8.9"
| #define PACKAGE_STRING "nauty 2.8.9"
| #define PACKAGE_BUGREPORT "brendan.mckay@anu.edu.au"
| #define PACKAGE_URL ""
| #define HAVE_SYS_WAIT_H 1
| #define HAVE_STDIO_H 1
| #define HAVE_STDLIB_H 1
| #define HAVE_STRING_H 1
| #define HAVE_INTTYPES_H 1
| #define HAVE_STDINT_H 1
| #define HAVE_STRINGS_H 1
| #define HAVE_SYS_STAT_H 1
| #define HAVE_SYS_TYPES_H 1
| #define HAVE_UNISTD_H 1
| #define STDC_HEADERS 1
| #define HAVE_SIGNAL_H 1
| #define HAVE_STDDEF_H 1
| #define HAVE_UNISTD_H 1
| #define HAVE_SYS_TYPES_H 1
| #define HAVE_SYS_WAIT_H 1
| #define HAVE_STDLIB_H 1
| #define HAVE_STRING_H 1
| #define HAVE_ERRNO_H 1
| #define HAVE_LIMITS_H 1
| #define HAVE_STDINT_H 1
| #define SIZEOF_INT 4
| #define SIZEOF_LONG 8
| #define SIZEOF_LONG_LONG 8
| #define SIZEOF_VOIDP 8
| #define SIZEOF___UINT128_T 16
| #define SIZEOF_UNSIGNED___INT128 16
| #define HAVE_FORK 1
| #define HAVE_VFORK 1
| #define HAVE_WORKING_VFORK 1
| #define HAVE_WORKING_FORK 1
| /* end confdefs.h.  */
| 
| int
| main (void)
| {
| if (__builtin_cpu_supports("popcnt")) return 0; else return 1;
|   ;
|   return 0;
| }
configure:6090: result: 1
configure:6146: checking if __builtin_popcount() is supported
configure:6152: gcc -o conftest  -O3   conftest.c  >&5
configure:6152: $? = 0
configure:6161: result: 1
configure:6163: checking if __builtin_popcountl() is supported
configure:6169: gcc -o conftest  -O3   conftest.c  >&5
configure:6169: $? = 0
configure:6178: result: 1
configure:6180: checking if __builtin_popcountll() is supported
configure:6186: gcc -o conftest  -O3   conftest.c  >&5
configure:6186: $? = 0
configure:6195: result: 1
configure:6235: checking if gcc supports -march=native
configure:6245: gcc -c  -O3 -march=native  conftest.c >&5
configure:6245: $? = 0
configure:6253: result: yes
configure:6304: checking if lzcnt instruction is available and requested
configure:6319: result: 1
configure:6325: checking if __builtin_clz() is supported
configure:6331: gcc -o conftest  -O3   conftest.c  >&5
configure:6331: $? = 0
configure:6340: result: 1
configure:6342: checking if __builtin_clzl() is supported
configure:6348: gcc -o conftest  -O3   conftest.c  >&5
configure:6348: $? = 0
configure:6357: result: 1
configure:6359: checking if __builtin_clzll() is supported
configure:6365: gcc -o conftest  -O3   conftest.c  >&5
configure:6365: $? = 0
configure:6374: result: 1
configure:6401: checking for getc_unlocked
configure:6401: gcc -o conftest  -O3   conftest.c  >&5
configure:6401: $? = 0
configure:6401: result: yes
configure:6410: checking for flockfile
configure:6410: gcc -o conftest  -O3   conftest.c  >&5
configure:6410: $? = 0
configure:6410: result: yes
configure:6430: checking for noreturn attribute
configure:6450: gcc -c  -O3  conftest.c >&5
conftest.c:41:18: error: use of undeclared identifier 'noreturn'
   41 |                 [noreturn] void f() { exit(1); }
      |                  ^
conftest.c:41:28: error: expected identifier or '('
   41 |                 [noreturn] void f() { exit(1); }
      |                            ^
conftest.c:45:1: error: call to undeclared function 'f'; ISO C99 and later do not support implicit function declarations [-Wimplicit-function-declaration]
   45 | f();
      | ^
3 errors generated.
configure:6450: $? = 1
configure: failed program was:
| /* confdefs.h */
| #define PACKAGE_NAME "nauty"
| #define PACKAGE_TARNAME "nauty"
| #define PACKAGE_VERSION "2.8.9"
| #define PACKAGE_STRING "nauty 2.8.9"
| #define PACKAGE_BUGREPORT "brendan.mckay@anu.edu.au"
| #define PACKAGE_URL ""
| #define HAVE_SYS_WAIT_H 1
| #define HAVE_STDIO_H 1
| #define HAVE_STDLIB_H 1
| #define HAVE_STRING_H 1
| #define HAVE_INTTYPES_H 1
| #define HAVE_STDINT_H 1
| #define HAVE_STRINGS_H 1
| #define HAVE_SYS_STAT_H 1
| #define HAVE_SYS_TYPES_H 1
| #define HAVE_UNISTD_H 1
| #define STDC_HEADERS 1
| #define HAVE_SIGNAL_H 1
| #define HAVE_STDDEF_H 1
| #define HAVE_UNISTD_H 1
| #define HAVE_SYS_TYPES_H 1
| #define HAVE_SYS_WAIT_H 1
| #define HAVE_STDLIB_H 1
| #define HAVE_STRING_H 1
| #define HAVE_ERRNO_H 1
| #define HAVE_LIMITS_H 1
| #define HAVE_STDINT_H 1
| #define SIZEOF_INT 4
| #define SIZEOF_LONG 8
| #define SIZEOF_LONG_LONG 8
| #define SIZEOF_VOIDP 8
| #define SIZEOF___UINT128_T 16
| #define SIZEOF_UNSIGNED___INT128 16
| #define HAVE_FORK 1
| #define HAVE_VFORK 1
| #define HAVE_WORKING_VFORK 1
| #define HAVE_WORKING_FORK 1
| /* end confdefs.h.  */
| #include <stdlib.h>
|                 [noreturn] void f() { exit(1); }
| int
| main (void)
| {
| f();
| 
|   ;
|   return 0;
| }
configure:6450: gcc -c  -O3  conftest.c >&5
configure:6450: $? = 0
configure:6462: result: _Noreturn
configure:6483: checking for thread local storage (TLS) class
configure:6502: gcc -c  -O3  conftest.c >&5
conftest.c:45:9: error: unknown type name 'thread_local'
   45 | static  thread_local  int bar;
      |         ^
1 error generated.
configure:6502: $? = 1
configure: failed program was:
| /* confdefs.h */
| #define PACKAGE_NAME "nauty"
| #define PACKAGE_TARNAME "nauty"
| #define PACKAGE_VERSION "2.8.9"
| #define PACKAGE_STRING "nauty 2.8.9"
| #define PACKAGE_BUGREPORT "brendan.mckay@anu.edu.au"
| #define PACKAGE_URL ""
| #define HAVE_SYS_WAIT_H 1
| #define HAVE_STDIO_H 1
| #define HAVE_STDLIB_H 1
| #define HAVE_STRING_H 1
| #define HAVE_INTTYPES_H 1
| #define HAVE_STDINT_H 1
| #define HAVE_STRINGS_H 1
| #define HAVE_SYS_STAT_H 1
| #define HAVE_SYS_TYPES_H 1
| #define HAVE_UNISTD_H 1
| #define STDC_HEADERS 1
| #define HAVE_SIGNAL_H 1
| #define HAVE_STDDEF_H 1
| #define HAVE_UNISTD_H 1
| #define HAVE_SYS_TYPES_H 1
| #define HAVE_SYS_WAIT_H 1
| #define HAVE_STDLIB_H 1
| #define HAVE_STRING_H 1
| #define HAVE_ERRNO_H 1
| #define HAVE_LIMITS_H 1
| #define HAVE_STDINT_H 1
| #define SIZEOF_INT 4
| #define SIZEOF_LONG 8
| #define SIZEOF_LONG_LONG 8
| #define SIZEOF_VOIDP 8
| #define SIZEOF___UINT128_T 16
| #define SIZEOF_UNSIGNED___INT128 16
| #define HAVE_FORK 1
| #define HAVE_VFORK 1
| #define HAVE_WORKING_VFORK 1
| #define HAVE_WORKING_FORK 1
| #define NORET _Noreturn
| /* end confdefs.h.  */
| #include <stdlib.h>
| int
| main (void)
| {
| static  thread_local  int bar;
| 
|   ;
|   return 0;
| }
configure:6502: gcc -c  -O3  conftest.c >&5
configure:6502: $? = 0
configure:6514: result: _Thread_local
configure:6600: checking for gsort
configure:6636: result: no
configure:6600: checking for sort
configure:6621: found /usr/bin/sort
configure:6633: result: sort
configure:6656: checking if sort supports the -k switch
configure:6666: result: 1
configure:6669: checking if sort supports the -S switch
configure:6679: result: 1
configure:6686: checking for a race-free mkdir -p
configure:6729: result: mkdir -p
configure:6747: checking for a BSD-compatible install
configure:6821: result: /usr/bin/install -c
configure:6854: checking for gunzip
configure:6875: found /usr/bin/gunzip
configure:6887: result: gunzip
configure:6956: checking how to print strings
configure:6983: result: printf
configure:7004: checking for a sed that does not truncate output
configure:7076: result: /usr/bin/sed
configure:7094: checking for grep that handles long lines and -e
configure:7160: result: /usr/bin/grep
configure:7165: checking for egrep
configure:7235: result: /usr/bin/grep -E
configure:7242: checking for fgrep
configure:7312: result: /usr/bin/grep -F
configure:7349: checking for ld used by gcc
configure:7418: result: /Library/Developer/CommandLineTools/usr/bin/ld
configure:7425: checking if the linker (/Library/Developer/CommandLineTools/usr/bin/ld) is GNU ld
configure:7442: result: no
configure:7454: checking for BSD- or MS-compatible name lister (nm)
configure:7510: result: /usr/bin/nm -B
configure:7652: checking the name lister (/usr/bin/nm -B) interface
configure:7660: gcc -c  -O3  conftest.c >&5
configure:7663: /usr/bin/nm -B "conftest.o"
configure:7666: output
0000000000000000 S _some_variable
0000000000000000 t ltmp0
0000000000000000 s ltmp1
configure:7674: result: BSD nm
configure:7677: checking whether ln -s works
configure:7681: result: yes
configure:7689: checking the maximum length of command line arguments
configure:7822: result: 786432
configure:7870: checking how to convert aarch64-apple-darwin24.0.0 file names to aarch64-apple-darwin24.0.0 format
configure:7912: result: func_convert_file_noop
configure:7919: checking how to convert aarch64-apple-darwin24.0.0 file names to toolchain format
configure:7941: result: func_convert_file_noop
configure:7948: checking for /Library/Developer/CommandLineTools/usr/bin/ld option to reload object files
configure:7957: result: -r
configure:8037: checking for objdump
configure:8058: found /usr/bin/objdump
configure:8070: result: objdump
configure:8102: checking how to recognize dependent libraries
configure:8304: result: pass_all
configure:8395: checking for dlltool
configure:8431: result: no
configure:8461: checking how to associate runtime and link libraries
configure:8490: result: printf %s\n
configure:8556: checking for ar
configure:8577: found /opt/anaconda3/bin/ar
configure:8589: result: ar
configure:8626: checking for archiver @FILE support
configure:8644: gcc -c  -O3  conftest.c >&5
configure:8644: $? = 0
configure:8648: ar cr libconftest.a @conftest.lst >&5
ar: @conftest.lst: No such file or directory
configure:8651: $? = 1
configure:8672: result: no
configure:8736: checking for strip
configure:8757: found /opt/anaconda3/bin/strip
configure:8769: result: strip
configure:8847: checking for ranlib
configure:8868: found /opt/anaconda3/bin/ranlib
configure:8880: result: ranlib
configure:8957: checking for gawk
configure:8993: result: no
configure:8957: checking for mawk
configure:8993: result: no
configure:8957: checking for nawk
configure:8993: result: no
configure:8957: checking for awk
configure:8978: found /usr/bin/awk
configure:8990: result: awk
configure:9030: checking command to parse /usr/bin/nm -B output from gcc object
configure:9184: gcc -c  -O3  conftest.c >&5
configure:9187: $? = 0
configure:9191: /usr/bin/nm -B conftest.o | sed -n -e 's/^.*[	 ]\([ABCDGIRSTW][ABCDGIRSTW]*\)[	 ][	 ]*\([_A-Za-z][_A-Za-z0-9]*\)$/\1 \2 \2/p' | sed '/ __gnu_lto/d' > conftest.nm
cannot find nm_test_var in conftest.nm
configure:9184: gcc -c  -O3  conftest.c >&5
configure:9187: $? = 0
configure:9191: /usr/bin/nm -B conftest.o | sed -n -e 's/^.*[	 ]\([ABCDGIRSTW][ABCDGIRSTW]*\)[	 ][	 ]*_\([_A-Za-z][_A-Za-z0-9]*\)$/\1 _\2 \2/p' | sed '/ __gnu_lto/d' > conftest.nm
configure:9257: gcc -o conftest  -O3   conftest.c conftstm.o >&5
configure:9260: $? = 0
configure:9299: result: ok
configure:9346: checking for sysroot
configure:9378: result: no
configure:9385: checking for a working dd
configure:9430: result: /bin/dd
configure:9434: checking how to truncate binary pipes
configure:9451: result: /bin/dd bs=4096 count=1
configure:9791: checking for mt
configure:9827: result: no
configure:9847: checking if : is a manifest tool
configure:9854: : '-?'
configure:9863: result: no
configure:9925: checking for dsymutil
configure:9946: found /usr/bin/dsymutil
configure:9958: result: dsymutil
configure:10029: checking for nmedit
configure:10050: found /opt/anaconda3/bin/nmedit
configure:10062: result: nmedit
configure:10133: checking for lipo
configure:10154: found /opt/anaconda3/bin/lipo
configure:10166: result: lipo
configure:10237: checking for otool
configure:10258: found /opt/anaconda3/bin/otool
configure:10270: result: otool
configure:10341: checking for otool64
configure:10377: result: no
configure:10422: checking for -single_module linker flag
gcc  -O3  -o libconftest.dylib -dynamiclib -Wl,-single_module conftest.c
ld: warning: -single_module is obsolete
configure:10457: result: no
configure:10460: checking for -exported_symbols_list linker flag
configure:10481: gcc -o conftest  -O3   -Wl,-exported_symbols_list,conftest.sym conftest.c  >&5
configure:10481: $? = 0
configure:10494: result: yes
configure:10497: checking for -force_load linker flag
gcc  -O3 -c -o conftest.o conftest.c
ar cr libconftest.a conftest.o
ranlib libconftest.a
gcc  -O3  -o conftest conftest.c -Wl,-force_load,./libconftest.a
configure:10531: result: yes
configure:10603: checking for dlfcn.h
configure:10603: gcc -c  -O3  conftest.c >&5
configure:10603: $? = 0
configure:10603: result: yes
configure:10868: checking for objdir
configure:10885: result: .libs
configure:11151: checking if gcc supports -fno-rtti -fno-exceptions
configure:11170: gcc -c  -O3  -fno-rtti -fno-exceptions conftest.c >&5
configure:11174: $? = 0
configure:11188: result: yes
configure:11552: checking for gcc option to produce PIC
configure:11561: result: -fno-common -DPIC
configure:11569: checking if gcc PIC flag -fno-common -DPIC works
configure:11588: gcc -c  -O3  -fno-common -DPIC -DPIC conftest.c >&5
configure:11592: $? = 0
configure:11606: result: yes
configure:11635: checking if gcc static flag -static works
configure:11665: result: no
configure:11680: checking if gcc supports -c -o file.o
configure:11702: gcc -c  -O3  -o out/conftest2.o conftest.c >&5
configure:11706: $? = 0
configure:11729: result: yes
configure:11737: checking if gcc supports -c -o file.o
configure:11786: result: yes
configure:11819: checking whether the gcc linker (/Library/Developer/CommandLineTools/usr/bin/ld) supports shared libraries
configure:13094: result: yes
configure:13336: checking dynamic linker characteristics
configure:14170: result: darwin24.0.0 dyld
configure:14292: checking how to hardcode library paths into programs
configure:14317: result: immediate
configure:14917: checking whether stripping libraries is possible
configure:14931: result: yes
configure:14957: checking if libtool supports shared libraries
configure:14959: result: yes
configure:14962: checking whether to build shared libraries
configure:14987: result: yes
configure:14990: checking whether to build static libraries
configure:14994: result: yes
configure:15188: creating ./config.status

## ---------------------- ##
## Running config.status. ##
## ---------------------- ##

This file was extended by nauty config.status 2.8.9, which was
generated by GNU Autoconf 2.72.  Invocation command line was

  CONFIG_FILES    = 
  CONFIG_HEADERS  = 
  CONFIG_LINKS    = 
  CONFIG_COMMANDS = 
  $ ./config.status 

on MacBook-Pro-Ales.local

config.status:1050: creating makefile
config.status:1050: creating nauty.h
config.status:1050: creating naututil.h
config.status:1050: creating gtools.h
config.status:1050: creating nauty.pc
config.status:1050: creating runalltests
config.status:1222: executing libtool commands

## ---------------- ##
## Cache variables. ##
## ---------------- ##

ac_cv_build=aarch64-apple-darwin24.0.0
ac_cv_c_compiler_gnu=yes
ac_cv_c_undeclared_builtin_options='none needed'
ac_cv_env_CC_set=
ac_cv_env_CC_value=
ac_cv_env_CFLAGS_set=
ac_cv_env_CFLAGS_value=
ac_cv_env_CPPFLAGS_set=
ac_cv_env_CPPFLAGS_value=
ac_cv_env_CPP_set=
ac_cv_env_CPP_value=
ac_cv_env_LDFLAGS_set=
ac_cv_env_LDFLAGS_value=
ac_cv_env_LIBS_set=
ac_cv_env_LIBS_value=
ac_cv_env_LT_SYS_LIBRARY_PATH_set=
ac_cv_env_LT_SYS_LIBRARY_PATH_value=
ac_cv_env_build_alias_set=
ac_cv_env_build_alias_value=
ac_cv_env_host_alias_set=
ac_cv_env_host_alias_value=
ac_cv_env_target_alias_set=
ac_cv_env_target_alias_value=
ac_cv_func_clock=yes
ac_cv_func_clock_gettime=yes
ac_cv_func_flockfile=yes
ac_cv_func_fork=yes
ac_cv_func_fork_works=yes
ac_cv_func_fseeko=yes
ac_cv_func_getc_unlocked=yes
ac_cv_func_getrusage=yes
ac_cv_func_gettimeofday=yes
ac_cv_func_isatty=yes
ac_cv_func_perror=yes
ac_cv_func_pipe=yes
ac_cv_func_popen=yes
ac_cv_func_putenv=yes
ac_cv_func_setenv=yes
ac_cv_func_sigaction=yes
ac_cv_func_sigprocmask=yes
ac_cv_func_time=yes
ac_cv_func_times=yes
ac_cv_func_vfork=yes
ac_cv_func_vfork_works=yes
ac_cv_func_wait=yes
ac_cv_have_decl_fdopen=yes
ac_cv_have_decl_ftell=yes
ac_cv_have_decl_malloc=yes
ac_cv_have_decl_popen=yes
ac_cv_have_decl_putenv=yes
ac_cv_have_decl_setenv=yes
ac_cv_header_dlfcn_h=yes
ac_cv_header_errno_h=yes
ac_cv_header_inttypes_h=yes
ac_cv_header_limits_h=yes
ac_cv_header_signal_h=yes
ac_cv_header_stddef_h=yes
ac_cv_header_stdint_h=yes
ac_cv_header_stdio_h=yes
ac_cv_header_stdlib_h=yes
ac_cv_header_string_h=yes
ac_cv_header_strings_h=yes
ac_cv_header_sys_stat_h=yes
ac_cv_header_sys_types_h=yes
ac_cv_header_sys_wait_h=yes
ac_cv_header_unistd_h=yes
ac_cv_header_vfork_h=no
ac_cv_host=aarch64-apple-darwin24.0.0
ac_cv_native_ok=yes
ac_cv_noret=_Noreturn
ac_cv_objext=o
ac_cv_path_EGREP='/usr/bin/grep -E'
ac_cv_path_EGREP_TRADITIONAL='/usr/bin/grep -E'
ac_cv_path_FGREP='/usr/bin/grep -F'
ac_cv_path_GREP=/usr/bin/grep
ac_cv_path_SED=/usr/bin/sed
ac_cv_path_install='/usr/bin/install -c'
ac_cv_path_lt_DD=/bin/dd
ac_cv_prog_AWK=awk
ac_cv_prog_CPP='gcc -E'
ac_cv_prog_ac_ct_AR=ar
ac_cv_prog_ac_ct_CC=gcc
ac_cv_prog_ac_ct_DSYMUTIL=dsymutil
ac_cv_prog_ac_ct_LIPO=lipo
ac_cv_prog_ac_ct_NMEDIT=nmedit
ac_cv_prog_ac_ct_OBJDUMP=objdump
ac_cv_prog_ac_ct_OTOOL=otool
ac_cv_prog_ac_ct_RANLIB=ranlib
ac_cv_prog_ac_ct_STRIP=strip
ac_cv_prog_cc_c11=
ac_cv_prog_cc_g=yes
ac_cv_prog_cc_stdc=
ac_cv_prog_gunzip_prog=gunzip
ac_cv_prog_sort_prog=sort
ac_cv_sizeof___uint128_t=16
ac_cv_sizeof_int=4
ac_cv_sizeof_long=8
ac_cv_sizeof_long_long=8
ac_cv_sizeof_unsigned___int128=16
ac_cv_sizeof_voidp=8
ac_cv_sys_file_offset_bits=0
ac_cv_sys_largefile_opts='none needed'
ac_cv_tls=_Thread_local
ac_cv_try_cflags_ok=yes
ac_cv_type_pid_t=yes
lt_cv_apple_cc_single_mod=no
lt_cv_ar_at_file=no
lt_cv_deplibs_check_method=pass_all
lt_cv_file_magic_cmd='$MAGIC_CMD'
lt_cv_file_magic_test_file=
lt_cv_ld_exported_symbols_list=yes
lt_cv_ld_force_load=yes
lt_cv_ld_reload_flag=-r
lt_cv_nm_interface='BSD nm'
lt_cv_objdir=.libs
lt_cv_path_LD=/Library/Developer/CommandLineTools/usr/bin/ld
lt_cv_path_NM='/usr/bin/nm -B'
lt_cv_path_mainfest_tool=no
lt_cv_prog_compiler_c_o=yes
lt_cv_prog_compiler_pic='-fno-common -DPIC'
lt_cv_prog_compiler_pic_works=yes
lt_cv_prog_compiler_rtti_exceptions=yes
lt_cv_prog_compiler_static_works=no
lt_cv_prog_gnu_ld=no
lt_cv_sharedlib_from_linklib_cmd='printf %s\n'
lt_cv_sys_global_symbol_pipe='sed -n -e '\''s/^.*[	 ]\([ABCDGIRSTW][ABCDGIRSTW]*\)[	 ][	 ]*_\([_A-Za-z][_A-Za-z0-9]*\)$/\1 _\2 \2/p'\'' | sed '\''/ __gnu_lto/d'\'''
lt_cv_sys_global_symbol_to_c_name_address='sed -n -e '\''s/^: \(.*\) .*$/  {"\1", (void *) 0},/p'\'' -e '\''s/^[ABCDGIRSTW][ABCDGIRSTW]* .* \(.*\)$/  {"\1", (void *) \&\1},/p'\'''
lt_cv_sys_global_symbol_to_c_name_address_lib_prefix='sed -n -e '\''s/^: \(.*\) .*$/  {"\1", (void *) 0},/p'\'' -e '\''s/^[ABCDGIRSTW][ABCDGIRSTW]* .* \(lib.*\)$/  {"\1", (void *) \&\1},/p'\'' -e '\''s/^[ABCDGIRSTW][ABCDGIRSTW]* .* \(.*\)$/  {"lib\1", (void *) \&\1},/p'\'''
lt_cv_sys_global_symbol_to_cdecl='sed -n -e '\''s/^T .* \(.*\)$/extern int \1();/p'\'' -e '\''s/^[ABCDGIRSTW][ABCDGIRSTW]* .* \(.*\)$/extern char \1;/p'\'''
lt_cv_sys_global_symbol_to_import=
lt_cv_sys_max_cmd_len=786432
lt_cv_to_host_file_cmd=func_convert_file_noop
lt_cv_to_tool_file_cmd=func_convert_file_noop
lt_cv_truncate_bin='/bin/dd bs=4096 count=1'

## ----------------- ##
## Output variables. ##
## ----------------- ##

AR='ar'
AWK='awk'
CC='gcc'
CFLAGS=' -O3'
CPP='gcc -E'
CPPFLAGS=''
DEFS='-DPACKAGE_NAME=\"nauty\" -DPACKAGE_TARNAME=\"nauty\" -DPACKAGE_VERSION=\"2.8.9\" -DPACKAGE_STRING=\"nauty\ 2.8.9\" -DPACKAGE_BUGREPORT=\"brendan.mckay@anu.edu.au\" -DPACKAGE_URL=\"\" -DHAVE_SYS_WAIT_H=1 -DHAVE_STDIO_H=1 -DHAVE_STDLIB_H=1 -DHAVE_STRING_H=1 -DHAVE_INTTYPES_H=1 -DHAVE_STDINT_H=1 -DHAVE_STRINGS_H=1 -DHAVE_SYS_STAT_H=1 -DHAVE_SYS_TYPES_H=1 -DHAVE_UNISTD_H=1 -DSTDC_HEADERS=1 -DHAVE_SIGNAL_H=1 -DHAVE_STDDEF_H=1 -DHAVE_UNISTD_H=1 -DHAVE_SYS_TYPES_H=1 -DHAVE_SYS_WAIT_H=1 -DHAVE_STDLIB_H=1 -DHAVE_STRING_H=1 -DHAVE_ERRNO_H=1 -DHAVE_LIMITS_H=1 -DHAVE_STDINT_H=1 -DSIZEOF_INT=4 -DSIZEOF_LONG=8 -DSIZEOF_LONG_LONG=8 -DSIZEOF_VOIDP=8 -DSIZEOF___UINT128_T=16 -DSIZEOF_UNSIGNED___INT128=16 -DHAVE_FORK=1 -DHAVE_VFORK=1 -DHAVE_WORKING_VFORK=1 -DHAVE_WORKING_FORK=1 -DNORET=_Noreturn -DTLS=_Thread_local -DHAVE_DLFCN_H=1 -DLT_OBJDIR=\".libs/\"'
DLLTOOL='false'
DSYMUTIL='dsymutil'
DUMPBIN=''
ECHO_C='\c'
ECHO_N=''
ECHO_T=''
EGREP='/usr/bin/grep -E'
EXEEXT=''
FGREP='/usr/bin/grep -F'
GREP='/usr/bin/grep'
INSTALL_DATA='${INSTALL} -m 644'
INSTALL_PROGRAM='${INSTALL}'
INSTALL_SCRIPT='${INSTALL}'
LD='/Library/Developer/CommandLineTools/usr/bin/ld'
LDFLAGS=''
LIBOBJS=''
LIBS=''
LIBTOOL='$(SHELL) $(top_builddir)/libtool'
LIPO='lipo'
LN_S='ln -s'
LTLIBOBJS=''
LT_SYS_LIBRARY_PATH=''
MANIFEST_TOOL=':'
MKDIR_P='mkdir -p'
MORECFLAGS=' -march=native'
NM='/usr/bin/nm -B'
NMEDIT='nmedit'
OBJDUMP='objdump'
OBJEXT='o'
OTOOL64=':'
OTOOL='otool'
PACKAGE_BUGREPORT='brendan.mckay@anu.edu.au'
PACKAGE_NAME='nauty'
PACKAGE_STRING='nauty 2.8.9'
PACKAGE_TARNAME='nauty'
PACKAGE_URL=''
PACKAGE_VERSION='2.8.9'
PATH_SEPARATOR=':'
Qlibs_or_null='libnautyQ1.la libnautyQ.la'
RANLIB='ranlib'
SED='/usr/bin/sed'
SHELL='/bin/sh'
STRIP='strip'
TLSQlibs_or_null='libnautyTQ1.la libnautyTQ.la'
ac_ct_AR='ar'
ac_ct_CC='gcc'
ac_ct_DUMPBIN=''
ac_cv_noret='_Noreturn'
ac_cv_sizeof___uint128_t='16'
ac_cv_sizeof_int='4'
ac_cv_sizeof_long='8'
ac_cv_sizeof_long_long='8'
ac_cv_sizeof_unsigned___int128='16'
ac_cv_sizeof_voidp='8'
ac_cv_sys_file_offset_bits='0'
ac_cv_tls='_Thread_local'
allow_interrupt='1'
bindir='${exec_prefix}/bin'
build='aarch64-apple-darwin24.0.0'
build_alias=''
build_cpu='aarch64'
build_os='darwin24.0.0'
build_vendor='apple'
cygnoun=''
datadir='${datarootdir}'
datarootdir='${prefix}/share'
default_wordsize='0'
docdir='${datarootdir}/doc/${PACKAGE_TARNAME}'
dvidir='${docdir}'
edit_msg='++++++ This file is automatically generated, don'\''t edit it by hand! ++++++'
exec_prefix='${prefix}'
fdopen_dec='1'
flex_array_ok='1'
ftell_dec='1'
gunzip_prog='gunzip'
has_math_inf='1'
have_ansicontrols='0'
have_clock='1'
have_clock_gettime='1'
have_clz='1'
have_clzl='1'
have_clzll='1'
have_flockfile='1'
have_fork='1'
have_fseeko='1'
have_getrusage='1'
have_gettimeofday='1'
have_gunzip='1'
have_hwlzcnt='1'
have_hwpopcnt='1'
have_isatty='1'
have_mmpop32='0'
have_mmpop64='0'
have_perror='1'
have_pid_t='1'
have_pipe='1'
have_popcnt='1'
have_popcntl='1'
have_popcntll='1'
have_popen='1'
have_putenv='1'
have_setenv='1'
have_sigaction='1'
have_sigprocmask='1'
have_time='1'
have_times='1'
have_wait='1'
header_errno_h='1'
header_limits_h='1'
header_signal_h='1'
header_stddef_h='1'
header_stdint_h='1'
header_stdlib_h='1'
header_string_h='1'
header_sys_types_h='1'
header_sys_wait_h='1'
header_unistd_h='1'
host='aarch64-apple-darwin24.0.0'
host_alias=''
host_cpu='aarch64'
host_os='darwin24.0.0'
host_vendor='apple'
htmldir='${docdir}'
includedir='${prefix}/include'
infodir='${datarootdir}/info'
is_ARM64='1'
libdir='${exec_prefix}/lib'
libexecdir='${exec_prefix}/libexec'
localedir='${datarootdir}/locale'
localstatedir='${prefix}/var'
malloc_dec='1'
mandir='${datarootdir}/man'
nautests='nautest nautestS nautestW nautestL nautestQ'
oldincludedir='/usr/include'
pdfdir='${docdir}'
pkgconfigdir='${libdir}/pkgconfig'
popen_dec='1'
prefix='/usr/local'
program_transform_name='s,x,x,'
psdir='${docdir}'
putenv_dec='1'
runonetestQ='runonetest "$1" "$2" "$3"'
runstatedir='${localstatedir}/run'
sbindir='${exec_prefix}/sbin'
setenv_dec='1'
sharedstatedir='${prefix}/com'
shortg_or_null='shortg'
sort_newparams_ok='1'
sort_prog='sort'
sort_size_ok='1'
stdio_nolock='1'
sysconfdir='${prefix}/etc'
target_alias=''
testprogs='dreadtest dreadtestS dreadtestS1 dreadtest4K dreadtest1 dreadtestW dreadtestW1 dreadtestL dreadtestL1 dreadtestQ dreadtestQ1'
tls_supported='1'
use_tls=''

## ----------- ##
## confdefs.h. ##
## ----------- ##

/* confdefs.h */
#define PACKAGE_NAME "nauty"
#define PACKAGE_TARNAME "nauty"
#define PACKAGE_VERSION "2.8.9"
#define PACKAGE_STRING "nauty 2.8.9"
#define PACKAGE_BUGREPORT "brendan.mckay@anu.edu.au"
#define PACKAGE_URL ""
#define HAVE_SYS_WAIT_H 1
#define HAVE_STDIO_H 1
#define HAVE_STDLIB_H 1
#define HAVE_STRING_H 1
#define HAVE_INTTYPES_H 1
#define HAVE_STDINT_H 1
#define HAVE_STRINGS_H 1
#define HAVE_SYS_STAT_H 1
#define HAVE_SYS_TYPES_H 1
#define HAVE_UNISTD_H 1
#define STDC_HEADERS 1
#define HAVE_SIGNAL_H 1
#define HAVE_STDDEF_H 1
#define HAVE_UNISTD_H 1
#define HAVE_SYS_TYPES_H 1
#define HAVE_SYS_WAIT_H 1
#define HAVE_STDLIB_H 1
#define HAVE_STRING_H 1
#define HAVE_ERRNO_H 1
#define HAVE_LIMITS_H 1
#define HAVE_STDINT_H 1
#define SIZEOF_INT 4
#define SIZEOF_LONG 8
#define SIZEOF_LONG_LONG 8
#define SIZEOF_VOIDP 8
#define SIZEOF___UINT128_T 16
#define SIZEOF_UNSIGNED___INT128 16
#define HAVE_FORK 1
#define HAVE_VFORK 1
#define HAVE_WORKING_VFORK 1
#define HAVE_WORKING_FORK 1
#define NORET _Noreturn
#define TLS _Thread_local
#define HAVE_DLFCN_H 1
#define LT_OBJDIR ".libs/"

configure: exit 0
